Cadence Genus(TM) Synthesis Solution.
Copyright 2016 Cadence Design Systems, Inc. All rights reserved worldwide.
Cadence and the Cadence logo are registered trademarks and Genus is a trademark
of Cadence Design Systems, Inc. in the United States and other countries.

Version: 16.12-s027_1, built Wed Oct 05 2016
Options: -legacy_ui 
Date:    Tue Feb 20 12:58:41 2024
Host:    ylva.fransg.eit.lth.se (x86_64 w/Linux 3.10.0-1160.102.1.el7.x86_64) (6cores*6cpus*Intel(R) Core(TM) i5-8500 CPU @ 3.00GHz 9216KB) (16222652KB)
OS:      CentOS Linux release 7.9.2009 (Core)

Checking out license: Genus_Synthesis

Loading tool scripts...
Finished loading tool scripts (6 seconds elapsed).

WARNING: This version of the tool is 2694 days old.
legacy_genus:/> gui show
ambiguous command name "gui": gui_balloon_info gui_get_novus_feature gui_hide gui_hv_clear gui_hv_get_file gui_hv_load_file gui_hv_set_indicators gui_info gui_init_novus_feature gui_legend gui_pv_airline_add gui_pv_airline_add_custom gui_pv_airline_delete gui_pv_airline_display gui_pv_airline_raw_add gui_pv_airline_raw_add_custom gui_pv_align_instance_to_boundary gui_pv_align_instances gui_pv_clear gui_pv_connectivity_airlines gui_pv_deselect gui_pv_display_collection gui_pv_draw_box gui_pv_draw_circle gui_pv_draw_line gui_pv_draw_triangle gui_pv_get_design gui_pv_grey gui_pv_highlight gui_pv_highlight_hier_instances gui_pv_highlight_update gui_pv_label gui_pv_lineup_instances gui_pv_new_viewer gui_pv_preferences gui_pv_redraw gui_pv_select gui_pv_selection gui_pv_snapshot gui_pv_steiner_tree gui_pv_toolbar_button gui_pv_update gui_pv_zoom_box gui_pv_zoom_fit gui_pv_zoom_in gui_pv_zoom_out gui_pv_zoom_to gui_raise gui_reset gui_resume gui_selection gui_set_novus_feature gui_show gui_status gui_suspend gui_sv_clear gui_sv_cone gui_sv_get_instance gui_sv_grey gui_sv_highlight gui_sv_load gui_sv_snapshot gui_sv_toolbar_button gui_update
legacy_genus:/> gui_show
Error   : No designs are available. A design must first be read in and elaborated. [TUI-10] [check_design]
        : There is no design here.
        : A design must first be read in with 'read_hdl' command and elaborated with 'elaborate' command.
legacy_genus:/> 
legacy_genus:/> check_design -unloaded
Error   : No designs are available. A design must first be read in and elaborated. [TUI-10] [check_design]
        : There is no design here.
Failed on find_unique_design
