###############################################################
#  Generated by:      Cadence Innovus 16.13-s045_1
#  OS:                Linux x86_64(Host ID gunne.fransg.eit.lth.se)
#  Generated on:      Thu Feb 22 17:39:39 2024
#  Design:            TOP_with_pads
#  Command:           report_ccopt_clock_trees -filename ./clktree_ccopt.rpt 
###############################################################

Clock DAG stats:
================

--------------------------------------------------------------
Cell type                     Count    Area        Capacitance
--------------------------------------------------------------
Buffers                        18       143.000       0.075
Inverters                       0         0.000       0.000
Integrated Clock Gates          0         0.000       0.000
Non-Integrated Clock Gates      0         0.000       0.000
Clock Logic                     1      3775.000       0.000
All                            19      3918.000       0.075
--------------------------------------------------------------


Clock DAG wire lengths:
=======================

--------------------
Type     Wire Length
--------------------
Top          0.000
Trunk     1326.976
Leaf      8531.070
Total     9858.046
--------------------


Clock DAG capacitances:
=======================

--------------------------------
Type     Gate     Wire     Total
--------------------------------
Top      0.000    0.000    0.000
Trunk    1.428    0.175    1.603
Leaf     1.262    1.324    2.585
Total    2.690    1.499    4.188
--------------------------------


Clock DAG sink capacitances:
============================

--------------------------------------------------------
Count    Total    Average    Std. Dev.    Min      Max
--------------------------------------------------------
1239     1.262     0.001       0.001      0.001    0.025
--------------------------------------------------------


Clock DAG net violations:
=========================

None


Clock DAG primary half-corner transition distribution:
======================================================

-------------------------------------------------------------------------------------------------------------------
Net Type    Target    Count    Average    Std. Dev.    Min      Max      Distribution
-------------------------------------------------------------------------------------------------------------------
Trunk       0.200       7       0.042       0.051      0.000    0.149    {5 <= 0.040ns, 1 <= 0.080ns, 1 <= 0.160ns}
Leaf        0.200      13       0.183       0.030      0.084    0.199    {1 <= 0.120ns, 12 <= 0.200ns}
-------------------------------------------------------------------------------------------------------------------


Clock DAG library cell distribution:
====================================

--------------------------------------------------
Name                 Type      Inst     Inst Area 
                               Count    (um^2)
--------------------------------------------------
HS65_LL_CNBFX103     buffer      2         30.160
HS65_LL_CNBFX48      buffer      1          7.800
HS65_LL_CNBFX45      buffer      7         54.600
HS65_LL_CNBFX41      buffer      3         18.720
HS65_LL_CNBFX38_0    buffer      1         16.120
HS65_LL_CNBFX38      buffer      1          6.240
HS65_LL_CNBFX14      buffer      1          3.120
HS65_LL_CNBFX10      buffer      2          6.240
CPAD_S_74x50u_IN     logic       1       3775.000
--------------------------------------------------



Please note that the following tables reflect only the defined clock trees, so the flop counts might not include all flops in your design.

Clock Tree Summary:
===================

-------------------------------------------------------------------------------------------------------------------------------------------------------------------------------------------------------
Clock Tree  # Posedge  # Negedge  # RAM  # Enable  # Non enable  # Other  # Clock  # Bufs  # Invs  # Other  # Implicit  Max       Max     Max     Max          Standard   Wire   Gate   Clock Tree Root
Name        Flops      Flops      Clock  Latch     Latch         Sinks    Gates                    Clock    ignore/     Non-leaf  Leaf    Length  Source-sink  cell area  cap    cap    
                                  Pins   Sinks     Sinks                                           Cells    stop pins   Fanout    Fanout  (um)    Resistance   (um^2)     (pF)   (pF)   
                                                                                                                                                  (Ohms)                                
-------------------------------------------------------------------------------------------------------------------------------------------------------------------------------------------------------
clk           1238         0        0       0           1           0        0       18      0        1         0          11      100    745.48    10236.8    3918.000   1.499  2.690  clk_in
-------------------------------------------------------------------------------------------------------------------------------------------------------------------------------------------------------

1 clock trees contain a total of 1 nets marked dont_touch, which will not have been buffered, and may have Design Rule Violations as a consequence.
1 clock trees contain a total of 1 nets marked ideal_network, which will not have been buffered, and may have Design Rule Violations as a consequence.

Summary across all clock trees :
================================

----------------------------------------------------------------------------------------------------------------------------------------------------------------------------------------------
# Posedge  # Negedge  # RAM  # Enable  # Non enable  # Other  # Clock  # Bufs  # Invs  # Other  # Implicit  Max       Average   Max     Average  Max      Max          Standard   Wire   Gate
Flops      Flops      Clock  Latch     Latch         Sinks    Gates                    Clock    ignore/     Non-leaf  Non-leaf  Leaf    Leaf     Length   Source-sink  cell area  cap    cap
                      Pins   Sinks     Sinks                                           Cells    stop pins   Fanout    Fanout    Fanout  Fanout   (um)     Resistance   (um^2)     (pF)   (pF)
                                                                                                                                                          (Ohms)                         
----------------------------------------------------------------------------------------------------------------------------------------------------------------------------------------------
  1238         0        0       0           1           0        0       18      0        1         0          11     2.71429    100    95.3077  745.480   1023.677    3918.000   1.499  2.690
----------------------------------------------------------------------------------------------------------------------------------------------------------------------------------------------

Physical metrics across all clock trees
=======================================

------------------------------------------------------------------------
Metric                               Minimum  Average  Maximum   Std.dev
------------------------------------------------------------------------
Source-sink routed net length (um)    0.001   166.080   745.480  153.814
Source-sink manhattan distance (um)   0.000   149.065   747.000  152.763
Source-sink resistance (Ohm)          0.001   256.408  1023.677  213.170
------------------------------------------------------------------------

Count of violations across all clock trees:
===========================================

---------------------------------------------------------------------------------------
Clock Tree  # Max capacitance  # Max resistance  # Max length  # Max fanout  # Slew
Name        violations         violations        violations    violations    violations
---------------------------------------------------------------------------------------
clk                 2                 0               0             0            0
---------------------------------------------------------------------------------------
Total               2                 0               0             0            0
---------------------------------------------------------------------------------------

Note the above table per clock tree is based on CCOpt clock tree view. The violations are counted across half corners.

Found a total of 2 clock tree pins with max capacitance violations.
Found a total of 2 max capacitance violations.
Total violation amount 1.226pF.

Max capacitance violation summary across all clock trees - Top 2 violations:
============================================================================

Target and measured capacitances (in pF):

---------------------------------------------------------------------------------------------
Half corner    Violation  Capacitance  Capacitance  Target                     Pin
               amount     target       achieved     source                     
---------------------------------------------------------------------------------------------
SS:setup.late    1.226       0.140        1.366     library_or_sdc_constraint  clk_pad/COREIO
SS:setup.late    0.000       0.000        0.000     clock_root_forced          clk_in
---------------------------------------------------------------------------------------------

Target sources:
target_max_capacitance_property - the target was set in the target_max_capacitance property
library_or_sdc_constraint - the non-frequency-dependent target was set in a library file or by an SDC constraint
frequency_dependent_library_or_sdc_constraint - the frequency-dependent target was set in a library file or by an SDC constraint
computed_from_slew_target - the target was calculated based on the slew target at a clock root
clock_root_forced - the target was forced to be zero at a clock root


Found a total of 0 clock tree nets with max resistance violations.
Found a total of 0 clock tree nets with max length violations.
Found a total of 0 clock tree nets with max fanout violations.
Found a total of 0 clock tree pins with a slew violation.

Report for clock tree: clk
==========================

Clock Tree Gating Structure (Logical):

# Full cycle clock gates   : 0
Minimum clock gating depth : 0
Maximum clock gating depth : 0
Clock gate area (um^2)     : 0.000

Clock Tree Buffering Structure (Logical):

# Buffers             :  18
# Inverters           :   0
  Total               :  18
Minimum depth         :   5
Maximum depth         :   6
Buffering area (um^2) : 143.000

Clock Tree Level Structure (Logical):

---------------------------------------------------------------------------
Level  # Full  # Posedge  # Negedge  # RAM  # Enable  # Non enable  # Other
       Cycle   Flops      Flops      Clock  Latch     Latch         Sinks
                                     Pins   Sinks     Sinks         
---------------------------------------------------------------------------
root     0       1238         0        0       0           1           0
---------------------------------------------------------------------------
Total    0       1238         0        0       0           1           0
---------------------------------------------------------------------------

Target and measured clock slews (in ns):

-------------------------------------------------------------------------------------------------------------------------------
Timing Corner   Worst Rising  Worst Falling  Worst Rising  Worst Falling  Leaf Slew       Leaf Slew  Trunk Slew      Trunk Slew
                Leaf Slew     Leaf Slew      Trunk Slew    Trunk Slew     Target Type     Target     Target Type     Target
-------------------------------------------------------------------------------------------------------------------------------
FF:hold.early      0.057          0.060         0.048          0.047      ignored             -      ignored             -
FF:hold.late       0.062          0.060         0.050          0.049      ignored             -      ignored             -
SS:setup.early     0.180          0.155         0.143          0.127      ignored             -      ignored             -
SS:setup.late      0.199          0.155         0.149          0.132      auto extracted   0.200     auto extracted   0.200
-------------------------------------------------------------------------------------------------------------------------------

* - indicates that target was not met.

auto extracted - target was extracted from SDC.
auto computed - target was computed when balancing trees.

